<?xml version="1.0" encoding="UTF-8"?>
<testsuite name="com.tgt.upcurve.DeliveryAPI.repository.DeliveryRepositoryTest" tests="1" skipped="0" failures="0" errors="0" timestamp="2022-09-18T08:02:59" hostname="DESKTOP-8NSQMJT" time="22.694">
  <properties/>
  <testcase name="testFetchDeliveryByCustomerId()" classname="com.tgt.upcurve.DeliveryAPI.repository.DeliveryRepositoryTest" time="22.694"/>
  <system-out><![CDATA[13:31:48.210 [Test worker] DEBUG org.springframework.test.context.BootstrapUtils - Instantiating CacheAwareContextLoaderDelegate from class [org.springframework.test.context.cache.DefaultCacheAwareContextLoaderDelegate]
13:31:48.554 [Test worker] DEBUG org.springframework.test.context.BootstrapUtils - Instantiating BootstrapContext using constructor [public org.springframework.test.context.support.DefaultBootstrapContext(java.lang.Class,org.springframework.test.context.CacheAwareContextLoaderDelegate)]
13:31:49.394 [Test worker] DEBUG org.springframework.test.context.BootstrapUtils - Instantiating TestContextBootstrapper for test class [com.tgt.upcurve.DeliveryAPI.repository.DeliveryRepositoryTest] from class [org.springframework.boot.test.context.SpringBootTestContextBootstrapper]
13:31:49.450 [Test worker] INFO org.springframework.boot.test.context.SpringBootTestContextBootstrapper - Neither @ContextConfiguration nor @ContextHierarchy found for test class [com.tgt.upcurve.DeliveryAPI.repository.DeliveryRepositoryTest], using SpringBootContextLoader
13:31:49.466 [Test worker] DEBUG org.springframework.test.context.support.AbstractContextLoader - Did not detect default resource location for test class [com.tgt.upcurve.DeliveryAPI.repository.DeliveryRepositoryTest]: class path resource [com/tgt/upcurve/DeliveryAPI/repository/DeliveryRepositoryTest-context.xml] does not exist
13:31:49.474 [Test worker] DEBUG org.springframework.test.context.support.AbstractContextLoader - Did not detect default resource location for test class [com.tgt.upcurve.DeliveryAPI.repository.DeliveryRepositoryTest]: class path resource [com/tgt/upcurve/DeliveryAPI/repository/DeliveryRepositoryTestContext.groovy] does not exist
13:31:49.474 [Test worker] INFO org.springframework.test.context.support.AbstractContextLoader - Could not detect default resource locations for test class [com.tgt.upcurve.DeliveryAPI.repository.DeliveryRepositoryTest]: no resource found for suffixes {-context.xml, Context.groovy}.
13:31:49.738 [Test worker] DEBUG org.springframework.test.context.support.ActiveProfilesUtils - Could not find an 'annotation declaring class' for annotation type [org.springframework.test.context.ActiveProfiles] and class [com.tgt.upcurve.DeliveryAPI.repository.DeliveryRepositoryTest]
13:31:50.306 [Test worker] DEBUG org.springframework.boot.test.context.SpringBootTestContextBootstrapper - @TestExecutionListeners is not present for class [com.tgt.upcurve.DeliveryAPI.repository.DeliveryRepositoryTest]: using defaults.
13:31:50.314 [Test worker] INFO org.springframework.boot.test.context.SpringBootTestContextBootstrapper - Loaded default TestExecutionListener class names from location [META-INF/spring.factories]: [org.springframework.boot.test.autoconfigure.restdocs.RestDocsTestExecutionListener, org.springframework.boot.test.autoconfigure.web.client.MockRestServiceServerResetTestExecutionListener, org.springframework.boot.test.autoconfigure.web.servlet.MockMvcPrintOnlyOnFailureTestExecutionListener, org.springframework.boot.test.autoconfigure.web.servlet.WebDriverTestExecutionListener, org.springframework.boot.test.autoconfigure.webservices.client.MockWebServiceServerTestExecutionListener, org.springframework.boot.test.mock.mockito.MockitoTestExecutionListener, org.springframework.boot.test.mock.mockito.ResetMocksTestExecutionListener, org.springframework.test.context.web.ServletTestExecutionListener, org.springframework.test.context.support.DirtiesContextBeforeModesTestExecutionListener, org.springframework.test.context.event.ApplicationEventsTestExecutionListener, org.springframework.test.context.support.DependencyInjectionTestExecutionListener, org.springframework.test.context.support.DirtiesContextTestExecutionListener, org.springframework.test.context.transaction.TransactionalTestExecutionListener, org.springframework.test.context.jdbc.SqlScriptsTestExecutionListener, org.springframework.test.context.event.EventPublishingTestExecutionListener]
13:31:50.410 [Test worker] INFO org.springframework.boot.test.context.SpringBootTestContextBootstrapper - Using TestExecutionListeners: [org.springframework.test.context.web.ServletTestExecutionListener@f8908f6, org.springframework.test.context.support.DirtiesContextBeforeModesTestExecutionListener@3e587920, org.springframework.test.context.event.ApplicationEventsTestExecutionListener@2ef8a8c3, org.springframework.boot.test.mock.mockito.MockitoTestExecutionListener@24f43aa3, org.springframework.boot.test.autoconfigure.SpringBootDependencyInjectionTestExecutionListener@63fd4873, org.springframework.test.context.support.DirtiesContextTestExecutionListener@1e11bc55, org.springframework.test.context.transaction.TransactionalTestExecutionListener@7544a1e4, org.springframework.test.context.jdbc.SqlScriptsTestExecutionListener@70e0accd, org.springframework.test.context.event.EventPublishingTestExecutionListener@7957dc72, org.springframework.boot.test.autoconfigure.restdocs.RestDocsTestExecutionListener@6ab72419, org.springframework.boot.test.autoconfigure.web.client.MockRestServiceServerResetTestExecutionListener@3aacf32a, org.springframework.boot.test.autoconfigure.web.servlet.MockMvcPrintOnlyOnFailureTestExecutionListener@4fdfa676, org.springframework.boot.test.autoconfigure.web.servlet.WebDriverTestExecutionListener@82c57b3, org.springframework.boot.test.autoconfigure.webservices.client.MockWebServiceServerTestExecutionListener@5be82d43, org.springframework.boot.test.mock.mockito.ResetMocksTestExecutionListener@600b0b7]
13:31:50.506 [Test worker] DEBUG org.springframework.test.context.support.AbstractDirtiesContextTestExecutionListener - Before test class: context [DefaultTestContext@1e886a5b testClass = DeliveryRepositoryTest, testInstance = [null], testMethod = [null], testException = [null], mergedContextConfiguration = [WebMergedContextConfiguration@d816dde testClass = DeliveryRepositoryTest, locations = '{}', classes = '{class com.tgt.upcurve.DeliveryAPI.DeliveryApiApplication}', contextInitializerClasses = '[]', activeProfiles = '{}', propertySourceLocations = '{}', propertySourceProperties = '{org.springframework.boot.test.context.SpringBootTestContextBootstrapper=true}', contextCustomizers = set[org.springframework.boot.test.autoconfigure.actuate.metrics.MetricsExportContextCustomizerFactory$DisableMetricExportContextCustomizer@1c7fd41f, org.springframework.boot.test.autoconfigure.properties.PropertyMappingContextCustomizer@0, org.springframework.boot.test.autoconfigure.web.servlet.WebDriverContextCustomizerFactory$Customizer@51cd7ffc, org.springframework.boot.test.context.filter.ExcludeFilterContextCustomizer@6f2cb653, org.springframework.boot.test.json.DuplicateJsonObjectContextCustomizerFactory$DuplicateJsonObjectContextCustomizer@75ed9710, org.springframework.boot.test.mock.mockito.MockitoContextCustomizer@0, org.springframework.boot.test.web.client.TestRestTemplateContextCustomizer@618c5d94, org.springframework.boot.test.context.SpringBootTestArgs@1, org.springframework.boot.test.context.SpringBootTestWebEnvironment@23202fce], resourceBasePath = 'src/main/webapp', contextLoader = 'org.springframework.boot.test.context.SpringBootContextLoader', parent = [null]], attributes = map['org.springframework.test.context.web.ServletTestExecutionListener.activateListener' -> true]], class annotated with @DirtiesContext [true] with mode [BEFORE_EACH_TEST_METHOD].

  .   ____          _            __ _ _
 /\\ / ___'_ __ _ _(_)_ __  __ _ \ \ \ \
( ( )\___ | '_ | '_| | '_ \/ _` | \ \ \ \
 \\/  ___)| |_)| | | | | || (_| |  ) ) ) )
  '  |____| .__|_| |_|_| |_\__, | / / / /
 =========|_|==============|___/=/_/_/_/
 :: Spring Boot ::                (v2.7.2)

2022-09-18 13:31:57.849  INFO 22248 --- [    Test worker] c.t.u.D.r.DeliveryRepositoryTest         : Starting DeliveryRepositoryTest using Java 11.0.16.1 on DESKTOP-8NSQMJT with PID 22248 (started by lenovo in C:\Users\lenovo\Documents\APIs\DeliveryAPI)
2022-09-18 13:31:57.857  INFO 22248 --- [    Test worker] c.t.u.D.r.DeliveryRepositoryTest         : No active profile set, falling back to 1 default profile: "default"
2022-09-18 13:32:14.340  INFO 22248 --- [    Test worker] .s.d.r.c.RepositoryConfigurationDelegate : Bootstrapping Spring Data JPA repositories in DEFAULT mode.
2022-09-18 13:32:15.596  INFO 22248 --- [    Test worker] .s.d.r.c.RepositoryConfigurationDelegate : Finished Spring Data repository scanning in 1231 ms. Found 1 JPA repository interfaces.
2022-09-18 13:32:21.406  INFO 22248 --- [    Test worker] com.zaxxer.hikari.HikariDataSource       : HikariPool-1 - Starting...
2022-09-18 13:32:22.581  INFO 22248 --- [    Test worker] com.zaxxer.hikari.HikariDataSource       : HikariPool-1 - Start completed.
2022-09-18 13:32:23.061  INFO 22248 --- [    Test worker] o.hibernate.jpa.internal.util.LogHelper  : HHH000204: Processing PersistenceUnitInfo [name: default]
2022-09-18 13:32:23.429  INFO 22248 --- [    Test worker] org.hibernate.Version                    : HHH000412: Hibernate ORM core version 5.6.10.Final
2022-09-18 13:32:24.069  INFO 22248 --- [    Test worker] o.hibernate.annotations.common.Version   : HCANN000001: Hibernate Commons Annotations {5.1.2.Final}
2022-09-18 13:32:24.789  INFO 22248 --- [    Test worker] org.hibernate.dialect.Dialect            : HHH000400: Using dialect: org.hibernate.dialect.H2Dialect
2022-09-18 13:32:35.146  INFO 22248 --- [    Test worker] o.h.e.t.j.p.i.JtaPlatformInitiator       : HHH000490: Using JtaPlatform implementation: [org.hibernate.engine.transaction.jta.platform.internal.NoJtaPlatform]
2022-09-18 13:32:35.194  INFO 22248 --- [    Test worker] j.LocalContainerEntityManagerFactoryBean : Initialized JPA EntityManagerFactory for persistence unit 'default'
2022-09-18 13:32:43.539  WARN 22248 --- [    Test worker] JpaBaseConfiguration$JpaWebConfiguration : spring.jpa.open-in-view is enabled by default. Therefore, database queries may be performed during view rendering. Explicitly configure spring.jpa.open-in-view to disable this warning
2022-09-18 13:32:58.411  INFO 22248 --- [    Test worker] o.s.b.a.e.web.EndpointLinksResolver      : Exposing 1 endpoint(s) beneath base path '/actuator'
2022-09-18 13:32:58.955  INFO 22248 --- [    Test worker] c.t.u.D.r.DeliveryRepositoryTest         : Started DeliveryRepositoryTest in 67.362 seconds (JVM running for 81.942)
2022-09-18 13:32:59.667  INFO 22248 --- [    Test worker] j.LocalContainerEntityManagerFactoryBean : Closing JPA EntityManagerFactory for persistence unit 'default'
2022-09-18 13:32:59.667  INFO 22248 --- [    Test worker] .SchemaDropperImpl$DelayedDropActionImpl : HHH000477: Starting delayed evictData of schema as part of SessionFactory shut-down'
2022-09-18 13:32:59.675  INFO 22248 --- [    Test worker] com.zaxxer.hikari.HikariDataSource       : HikariPool-1 - Shutdown initiated...
2022-09-18 13:32:59.795  INFO 22248 --- [    Test worker] com.zaxxer.hikari.HikariDataSource       : HikariPool-1 - Shutdown completed.

  .   ____          _            __ _ _
 /\\ / ___'_ __ _ _(_)_ __  __ _ \ \ \ \
( ( )\___ | '_ | '_| | '_ \/ _` | \ \ \ \
 \\/  ___)| |_)| | | | | || (_| |  ) ) ) )
  '  |____| .__|_| |_|_| |_\__, | / / / /
 =========|_|==============|___/=/_/_/_/
 :: Spring Boot ::                (v2.7.2)

2022-09-18 13:32:59.955  INFO 22248 --- [    Test worker] c.t.u.D.r.DeliveryRepositoryTest         : Starting DeliveryRepositoryTest using Java 11.0.16.1 on DESKTOP-8NSQMJT with PID 22248 (started by lenovo in C:\Users\lenovo\Documents\APIs\DeliveryAPI)
2022-09-18 13:32:59.955  INFO 22248 --- [    Test worker] c.t.u.D.r.DeliveryRepositoryTest         : No active profile set, falling back to 1 default profile: "default"
2022-09-18 13:33:06.875  INFO 22248 --- [    Test worker] .s.d.r.c.RepositoryConfigurationDelegate : Bootstrapping Spring Data JPA repositories in DEFAULT mode.
2022-09-18 13:33:07.787  INFO 22248 --- [    Test worker] .s.d.r.c.RepositoryConfigurationDelegate : Finished Spring Data repository scanning in 906 ms. Found 1 JPA repository interfaces.
2022-09-18 13:33:08.626  INFO 22248 --- [    Test worker] com.zaxxer.hikari.HikariDataSource       : HikariPool-2 - Starting...
2022-09-18 13:33:08.626  INFO 22248 --- [    Test worker] com.zaxxer.hikari.HikariDataSource       : HikariPool-2 - Start completed.
2022-09-18 13:33:08.682  INFO 22248 --- [    Test worker] o.hibernate.jpa.internal.util.LogHelper  : HHH000204: Processing PersistenceUnitInfo [name: default]
2022-09-18 13:33:08.762  INFO 22248 --- [    Test worker] org.hibernate.dialect.Dialect            : HHH000400: Using dialect: org.hibernate.dialect.H2Dialect
2022-09-18 13:33:09.162  INFO 22248 --- [    Test worker] o.h.e.t.j.p.i.JtaPlatformInitiator       : HHH000490: Using JtaPlatform implementation: [org.hibernate.engine.transaction.jta.platform.internal.NoJtaPlatform]
2022-09-18 13:33:09.170  INFO 22248 --- [    Test worker] j.LocalContainerEntityManagerFactoryBean : Initialized JPA EntityManagerFactory for persistence unit 'default'
2022-09-18 13:33:12.042  WARN 22248 --- [    Test worker] JpaBaseConfiguration$JpaWebConfiguration : spring.jpa.open-in-view is enabled by default. Therefore, database queries may be performed during view rendering. Explicitly configure spring.jpa.open-in-view to disable this warning
2022-09-18 13:33:19.721  INFO 22248 --- [    Test worker] o.s.b.a.e.web.EndpointLinksResolver      : Exposing 1 endpoint(s) beneath base path '/actuator'
2022-09-18 13:33:19.945  INFO 22248 --- [    Test worker] c.t.u.D.r.DeliveryRepositoryTest         : Started DeliveryRepositoryTest in 20.138 seconds (JVM running for 102.93)
]]></system-out>
  <system-err><![CDATA[]]></system-err>
</testsuite>
